0 info it worked if it ends with ok
1 verbose cli [ '/usr/local/bin/node', '/usr/local/bin/npm', 'run', 'mocha' ]
2 info using npm@3.10.10
3 info using node@v6.11.2
4 verbose run-script [ 'premocha', 'mocha', 'postmocha' ]
5 info lifecycle igroot-fetch@1.1.18~premocha: igroot-fetch@1.1.18
6 silly lifecycle igroot-fetch@1.1.18~premocha: no script for premocha, continuing
7 info lifecycle igroot-fetch@1.1.18~mocha: igroot-fetch@1.1.18
8 verbose lifecycle igroot-fetch@1.1.18~mocha: unsafe-perm in lifecycle true
9 verbose lifecycle igroot-fetch@1.1.18~mocha: PATH: /usr/local/lib/node_modules/npm/bin/node-gyp-bin:/Users/fanyizhen/baishan/demo/igroot-fetch/node_modules/.bin:/usr/local/bin:/usr/bin:/bin:/usr/sbin:/sbin
10 verbose lifecycle igroot-fetch@1.1.18~mocha: CWD: /Users/fanyizhen/baishan/demo/igroot-fetch
11 silly lifecycle igroot-fetch@1.1.18~mocha: Args: [ '-c', './node_modules/mocha/bin/mocha' ]
12 silly lifecycle igroot-fetch@1.1.18~mocha: Returned: code: 1  signal: null
13 info lifecycle igroot-fetch@1.1.18~mocha: Failed to exec mocha script
14 verbose stack Error: igroot-fetch@1.1.18 mocha: `./node_modules/mocha/bin/mocha`
14 verbose stack Exit status 1
14 verbose stack     at EventEmitter.<anonymous> (/usr/local/lib/node_modules/npm/lib/utils/lifecycle.js:255:16)
14 verbose stack     at emitTwo (events.js:106:13)
14 verbose stack     at EventEmitter.emit (events.js:191:7)
14 verbose stack     at ChildProcess.<anonymous> (/usr/local/lib/node_modules/npm/lib/utils/spawn.js:40:14)
14 verbose stack     at emitTwo (events.js:106:13)
14 verbose stack     at ChildProcess.emit (events.js:191:7)
14 verbose stack     at maybeClose (internal/child_process.js:891:16)
14 verbose stack     at Process.ChildProcess._handle.onexit (internal/child_process.js:226:5)
15 verbose pkgid igroot-fetch@1.1.18
16 verbose cwd /Users/fanyizhen/baishan/demo/igroot-fetch
17 error Darwin 16.6.0
18 error argv "/usr/local/bin/node" "/usr/local/bin/npm" "run" "mocha"
19 error node v6.11.2
20 error npm  v3.10.10
21 error code ELIFECYCLE
22 error igroot-fetch@1.1.18 mocha: `./node_modules/mocha/bin/mocha`
22 error Exit status 1
23 error Failed at the igroot-fetch@1.1.18 mocha script './node_modules/mocha/bin/mocha'.
23 error Make sure you have the latest version of node.js and npm installed.
23 error If you do, this is most likely a problem with the igroot-fetch package,
23 error not with npm itself.
23 error Tell the author that this fails on your system:
23 error     ./node_modules/mocha/bin/mocha
23 error You can get information on how to open an issue for this project with:
23 error     npm bugs igroot-fetch
23 error Or if that isn't available, you can get their info via:
23 error     npm owner ls igroot-fetch
23 error There is likely additional logging output above.
24 verbose exit [ 1, true ]
